
R version 3.0.2 (2013-09-25) -- "Frisbee Sailing"
Copyright (C) 2013 The R Foundation for Statistical Computing
Platform: x86_64-unknown-linux-gnu (64-bit)

R is free software and comes with ABSOLUTELY NO WARRANTY.
You are welcome to redistribute it under certain conditions.
Type 'license()' or 'licence()' for distribution details.

  Natural language support but running in an English locale

R is a collaborative project with many contributors.
Type 'contributors()' for more information and
'citation()' on how to cite R or R packages in publications.

Type 'demo()' for some demos, 'help()' for on-line help, or
'help.start()' for an HTML browser interface to help.
Type 'q()' to quit R.

> ##########
> ## Plots and metrics
> ##########
> # 4/18/2014
> 
> rm(list=objects())
> options(stringsAsFactors = FALSE)
> dir <- "/projects/cidr/Ambrosone/"
> 
> ## preview some chrom's that have succesfully completed combining, for masked SNP test
> 
> imp_dir <- paste(dir,"imputation/", sep="")
> out_dir <- paste(dir,"sarahcn/plots/", sep="")
> study <- "Ambrosone"
> schr <- 22
> echr <- 23
> 
> source("/projects/geneva/geneva_sata/GCC_code/Imputation_IMPUTE2/R_functions/Make_Final_Plots.R")
> 
> ## full set of graphs
> # make.finalimp.plot(imp_dir, out_dir, project=study, start_chr=schr, end_chr=echr)
> 
> 
> ## focus on masked SNPs to get strand check picture (i.e. sanity check on revised allele mappings)
> make.finalimp.plot(imp_dir, out_dir, project=study, start_chr=schr, end_chr=echr,
+                    sets="masked",plots="masked_check_strand")
Reading in imputation metrics on chroms 22 through 23 ...
Reading chrom 22 ...
Reading chrom 23 ...
Total of 1043770 SNPS and 69952 indels and structural variants...
     Total number of masked SNPs will be 6948 ...
     There are a total of 0 masked SVs and indels, which will be not be plotted/summarized...
Dichotomizing masked SNP metrics by study MAF of  0.05 
Summary of concord_type0 
>>>>> MAF <  0.05 , mean= 0.9854927 median= 0.994 ...
>>>>> MAF >= 0.05 , mean= 0.8783268 median= 0.95 ...
Summary of r2_type0 
>>>>> MAF <  0.05 , mean= 0.4225209 median= 0.355 ...
>>>>> MAF >=  0.05 , mean= 0.7083825 median= 0.863 ...
Count of SNPs w/study MAF <  0.05 :  2655 
Count of SNPs w/study MAF >=  0.05 :  4293 
Deleting /projects/cidr/Ambrosone/sarahcn/plots/Ambrosone_chr22-23.allelemap.RData 
> 
